<?xml version="1.0" encoding="UTF-8"?>
<!-- Generated by org.testng.reporters.JUnitReportReporter -->
<testsuite hostname="LAPTOP-DK6TK74Q" failures="0" tests="1" name="practice.Test.Sample1" time="0.042" errors="0" timestamp="2021-07-07T16:13:45 IST" skipped="0">
  <testcase classname="practice.Test.Sample1" name="currentDate" time="0.042"/>
  <system-out/>
</testsuite> <!-- practice.Test.Sample1 -->
