<?xml version="1.0" encoding="UTF-8"?>
<!-- Generated by org.testng.reporters.JUnitReportReporter -->
<testsuite hostname="LAPTOP-DK6TK74Q" failures="0" tests="1" name="com.crm.vtigertests.CreateOrganisationWithIndustry" time="41.952" errors="0" timestamp="25 Jun 2021 11:20:02 GMT" skipped="0">
  <testcase classname="com.crm.vtigertests.CreateOrganisationWithIndustry" name="createOrganisationWithIndustryTest" time="41.952"/>
</testsuite> <!-- com.crm.vtigertests.CreateOrganisationWithIndustry -->
