<?xml version="1.0" encoding="UTF-8"?>
<!-- Generated by org.testng.reporters.JUnitReportReporter -->
<testsuite hostname="LAPTOP-DK6TK74Q" failures="0" tests="1" name="DataDrivenTesting.CreateCustomerTest" time="0.047" errors="0" timestamp="24 Jun 2021 09:52:58 GMT" skipped="0">
  <testcase classname="DataDrivenTesting.CreateCustomerTest" name="createCustomerTest" time="0.047"/>
</testsuite> <!-- DataDrivenTesting.CreateCustomerTest -->
